<?xml version="1.0" encoding="UTF-8"?>
<testng-results skipped="0" failed="0" total="1" passed="1">
  <reporter-output>
  </reporter-output>
  <suite name="Command line suite" duration-ms="316" started-at="2016-02-08T15:58:00Z" finished-at="2016-02-08T15:58:00Z">
    <groups>
    </groups>
    <test name="Command line test" duration-ms="316" started-at="2016-02-08T15:58:00Z" finished-at="2016-02-08T15:58:00Z">
      <class name="org.myfinance.repository.unit.test.TransactionRepositoryTest">
        <test-method status="PASS" signature="initMocks()[pri:0, instance:org.myfinance.repository.unit.test.TransactionRepositoryTest@3c5a99da]" name="initMocks" is-config="true" duration-ms="244" started-at="2016-02-08T15:58:00Z" finished-at="2016-02-08T15:58:00Z">
          <reporter-output>
          </reporter-output>
        </test-method> <!-- initMocks -->
        <test-method status="PASS" signature="test()[pri:0, instance:org.myfinance.repository.unit.test.TransactionRepositoryTest@3c5a99da]" name="test" duration-ms="28" started-at="2016-02-08T15:58:00Z" finished-at="2016-02-08T15:58:00Z">
          <reporter-output>
          </reporter-output>
        </test-method> <!-- test -->
      </class> <!-- org.myfinance.repository.unit.test.TransactionRepositoryTest -->
    </test> <!-- Command line test -->
  </suite> <!-- Command line suite -->
</testng-results>
